2024-01-07 16:28:43.838 [main] INFO  com.wefoundi.web.WeblogWebApplicationTests - Starting WeblogWebApplicationTests using Java 1.8.0_392 on EricdeMBP with PID 36131 (started by eric in /Users/eric/workspace/backend/weblog/weblog-springboot/weblog-web)
2024-01-07 16:28:43.840 [main] INFO  com.wefoundi.web.WeblogWebApplicationTests - The following profiles are active: prod
2024-01-07 16:28:45.394 [main] INFO  com.wefoundi.web.WeblogWebApplicationTests - Started WeblogWebApplicationTests in 2.127 seconds (JVM running for 3.495)
2024-01-07 16:28:45.662 [main] INFO  com.wefoundi.web.WeblogWebApplicationTests - 这是一行 Info 级别日志
2024-01-07 16:28:45.662 [main] WARN  com.wefoundi.web.WeblogWebApplicationTests - 这是一行 Warn 级别日志
2024-01-07 16:28:45.662 [main] ERROR com.wefoundi.web.WeblogWebApplicationTests - 这是一行 Error 级别日志
2024-01-07 16:28:45.662 [main] INFO  com.wefoundi.web.WeblogWebApplicationTests - 这是一行带有占位符日志，作者：EricYangXD
2024-01-07 17:15:27.595 [main] INFO  com.wefoundi.web.WeblogWebApplicationTests - Starting WeblogWebApplicationTests using Java 1.8.0_392 on EricdeMBP with PID 37165 (started by eric in /Users/eric/workspace/backend/weblog/weblog-springboot/weblog-web)
2024-01-07 17:15:27.596 [main] INFO  com.wefoundi.web.WeblogWebApplicationTests - The following profiles are active: prod
2024-01-07 17:15:29.572 [main] INFO  com.wefoundi.web.WeblogWebApplicationTests - Started WeblogWebApplicationTests in 2.471 seconds (JVM running for 4.326)
2024-01-07 17:15:29.877 [main] INFO  com.wefoundi.web.WeblogWebApplicationTests - 这是一行 Info 级别日志
2024-01-07 17:15:29.878 [main] WARN  com.wefoundi.web.WeblogWebApplicationTests - 这是一行 Warn 级别日志
2024-01-07 17:15:29.879 [main] ERROR com.wefoundi.web.WeblogWebApplicationTests - 这是一行 Error 级别日志
2024-01-07 17:15:29.879 [main] INFO  com.wefoundi.web.WeblogWebApplicationTests - 这是一行带有占位符日志，作者：EricYangXD
2024-01-07 17:18:11.384 [main] INFO  com.wefoundi.web.WeblogWebApplication - Starting WeblogWebApplication using Java 1.8.0_392 on EricdeMBP with PID 37509 (/Users/eric/workspace/backend/weblog/weblog-springboot/weblog-web/target/classes started by eric in /Users/eric/workspace/backend/weblog/weblog-springboot)
2024-01-07 17:18:11.389 [main] INFO  com.wefoundi.web.WeblogWebApplication - The following profiles are active: prod
2024-01-07 17:18:12.433 [main] INFO  o.s.boot.web.embedded.tomcat.TomcatWebServer - Tomcat initialized with port(s): 8080 (http)
2024-01-07 17:18:12.440 [main] INFO  org.apache.catalina.core.StandardService - Starting service [Tomcat]
2024-01-07 17:18:12.440 [main] INFO  org.apache.catalina.core.StandardEngine - Starting Servlet engine: [Apache Tomcat/9.0.56]
2024-01-07 17:18:12.494 [main] INFO  o.a.c.core.ContainerBase.[Tomcat].[localhost].[/] - Initializing Spring embedded WebApplicationContext
2024-01-07 17:18:12.494 [main] INFO  o.s.b.w.s.c.ServletWebServerApplicationContext - Root WebApplicationContext: initialization completed in 1038 ms
2024-01-07 17:18:12.874 [main] INFO  o.s.boot.web.embedded.tomcat.TomcatWebServer - Tomcat started on port(s): 8080 (http) with context path ''
2024-01-07 17:18:12.884 [main] INFO  com.wefoundi.web.WeblogWebApplication - Started WeblogWebApplication in 2.185 seconds (JVM running for 2.974)
2024-01-07 17:20:59.488 [main] INFO  com.wefoundi.weblog.web.WeblogWebApplication - Starting WeblogWebApplication using Java 1.8.0_392 on EricdeMBP with PID 37570 (/Users/eric/workspace/backend/weblog/weblog-springboot/weblog-web/target/classes started by eric in /Users/eric/workspace/backend/weblog/weblog-springboot)
2024-01-07 17:20:59.491 [main] INFO  com.wefoundi.weblog.web.WeblogWebApplication - The following profiles are active: prod
2024-01-07 17:21:00.422 [main] INFO  o.s.boot.web.embedded.tomcat.TomcatWebServer - Tomcat initialized with port(s): 8080 (http)
2024-01-07 17:21:00.429 [main] INFO  org.apache.catalina.core.StandardService - Starting service [Tomcat]
2024-01-07 17:21:00.429 [main] INFO  org.apache.catalina.core.StandardEngine - Starting Servlet engine: [Apache Tomcat/9.0.56]
2024-01-07 17:21:00.475 [main] INFO  o.a.c.core.ContainerBase.[Tomcat].[localhost].[/] - Initializing Spring embedded WebApplicationContext
2024-01-07 17:21:00.475 [main] INFO  o.s.b.w.s.c.ServletWebServerApplicationContext - Root WebApplicationContext: initialization completed in 936 ms
2024-01-07 17:21:00.806 [main] INFO  o.s.boot.web.embedded.tomcat.TomcatWebServer - Tomcat started on port(s): 8080 (http) with context path ''
2024-01-07 17:21:00.815 [main] INFO  com.wefoundi.weblog.web.WeblogWebApplication - Started WeblogWebApplication in 1.785 seconds (JVM running for 2.345)
2024-01-07 17:21:16.592 [main] INFO  com.wefoundi.weblog.web.WeblogWebApplication - Starting WeblogWebApplication using Java 1.8.0_392 on EricdeMBP with PID 37580 (/Users/eric/workspace/backend/weblog/weblog-springboot/weblog-web/target/classes started by eric in /Users/eric/workspace/backend/weblog/weblog-springboot)
2024-01-07 17:21:16.595 [main] INFO  com.wefoundi.weblog.web.WeblogWebApplication - The following profiles are active: prod
2024-01-07 17:21:17.486 [main] INFO  o.s.boot.web.embedded.tomcat.TomcatWebServer - Tomcat initialized with port(s): 8080 (http)
2024-01-07 17:21:17.493 [main] INFO  org.apache.catalina.core.StandardService - Starting service [Tomcat]
2024-01-07 17:21:17.494 [main] INFO  org.apache.catalina.core.StandardEngine - Starting Servlet engine: [Apache Tomcat/9.0.56]
2024-01-07 17:21:17.541 [main] INFO  o.a.c.core.ContainerBase.[Tomcat].[localhost].[/] - Initializing Spring embedded WebApplicationContext
2024-01-07 17:21:17.541 [main] INFO  o.s.b.w.s.c.ServletWebServerApplicationContext - Root WebApplicationContext: initialization completed in 902 ms
2024-01-07 17:21:17.868 [main] INFO  o.s.boot.web.embedded.tomcat.TomcatWebServer - Tomcat started on port(s): 8080 (http) with context path ''
2024-01-07 17:21:17.876 [main] INFO  com.wefoundi.weblog.web.WeblogWebApplication - Started WeblogWebApplication in 1.758 seconds (JVM running for 2.335)
2024-01-07 17:23:28.103 [http-nio-8080-exec-1] INFO  o.a.c.core.ContainerBase.[Tomcat].[localhost].[/] - Initializing Spring DispatcherServlet 'dispatcherServlet'
2024-01-07 17:23:28.104 [http-nio-8080-exec-1] INFO  org.springframework.web.servlet.DispatcherServlet - Initializing Servlet 'dispatcherServlet'
2024-01-07 17:23:28.108 [http-nio-8080-exec-1] INFO  org.springframework.web.servlet.DispatcherServlet - Completed initialization in 4 ms
2024-01-07 17:23:28.341 [http-nio-8080-exec-1] INFO  c.w.w.weblog.common.aspect.ApiOperationLogAspect - ====== 请求结束: [测试接口], 耗时: 26ms, 出参: {"username":"Eric","sex":1} ===============
2024-01-07 17:24:12.708 [http-nio-8080-exec-3] INFO  c.w.w.weblog.common.aspect.ApiOperationLogAspect - ====== 请求结束: [测试接口], 耗时: 1ms, 出参: {"username":"Eric1","sex":1} ===============
[TraceId: ] 2024-01-07 17:37:33.977 [main] INFO  com.wefoundi.weblog.web.WeblogWebApplication - Starting WeblogWebApplication using Java 1.8.0_392 on EricdeMBP with PID 38910 (/Users/eric/workspace/backend/weblog/weblog-springboot/weblog-web/target/classes started by eric in /Users/eric/workspace/backend/weblog/weblog-springboot)
[TraceId: ] 2024-01-07 17:37:33.979 [main] INFO  com.wefoundi.weblog.web.WeblogWebApplication - The following profiles are active: prod
[TraceId: ] 2024-01-07 17:37:35.576 [main] INFO  o.s.boot.web.embedded.tomcat.TomcatWebServer - Tomcat initialized with port(s): 8080 (http)
[TraceId: ] 2024-01-07 17:37:35.589 [main] INFO  org.apache.catalina.core.StandardService - Starting service [Tomcat]
[TraceId: ] 2024-01-07 17:37:35.590 [main] INFO  org.apache.catalina.core.StandardEngine - Starting Servlet engine: [Apache Tomcat/9.0.56]
[TraceId: ] 2024-01-07 17:37:35.671 [main] INFO  o.a.c.core.ContainerBase.[Tomcat].[localhost].[/] - Initializing Spring embedded WebApplicationContext
[TraceId: ] 2024-01-07 17:37:35.672 [main] INFO  o.s.b.w.s.c.ServletWebServerApplicationContext - Root WebApplicationContext: initialization completed in 1511 ms
[TraceId: ] 2024-01-07 17:37:36.103 [main] INFO  o.s.boot.web.embedded.tomcat.TomcatWebServer - Tomcat started on port(s): 8080 (http) with context path ''
[TraceId: ] 2024-01-07 17:37:36.112 [main] INFO  com.wefoundi.weblog.web.WeblogWebApplication - Started WeblogWebApplication in 2.913 seconds (JVM running for 3.755)
[TraceId: ] 2024-01-07 17:37:59.716 [http-nio-8080-exec-1] INFO  o.a.c.core.ContainerBase.[Tomcat].[localhost].[/] - Initializing Spring DispatcherServlet 'dispatcherServlet'
[TraceId: ] 2024-01-07 17:37:59.717 [http-nio-8080-exec-1] INFO  org.springframework.web.servlet.DispatcherServlet - Initializing Servlet 'dispatcherServlet'
[TraceId: ] 2024-01-07 17:37:59.720 [http-nio-8080-exec-1] INFO  org.springframework.web.servlet.DispatcherServlet - Completed initialization in 2 ms
[TraceId: 56421d4d-116c-4ff0-b59a-98f4ffce97df] 2024-01-07 17:37:59.988 [http-nio-8080-exec-1] INFO  c.w.w.weblog.common.aspect.ApiOperationLogAspect - ====== 请求结束: [测试接口], 耗时: 41ms, 出参: {"username":"Eric1","sex":1} ===============
[TraceId: 7a23205f-3dfe-4ddb-b17b-3f1935dada1c] 2024-01-07 17:38:07.784 [http-nio-8080-exec-3] INFO  c.w.w.weblog.common.aspect.ApiOperationLogAspect - ====== 请求结束: [测试接口], 耗时: 0ms, 出参: {"username":"Eric2","sex":1} ===============
[TraceId: ] 2024-01-07 17:48:30.763 [main] INFO  com.wefoundi.weblog.web.WeblogWebApplication - Starting WeblogWebApplication using Java 1.8.0_392 on EricdeMBP with PID 39089 (/Users/eric/workspace/backend/weblog/weblog-springboot/weblog-web/target/classes started by eric in /Users/eric/workspace/backend/weblog/weblog-springboot)
[TraceId: ] 2024-01-07 17:48:30.766 [main] INFO  com.wefoundi.weblog.web.WeblogWebApplication - The following profiles are active: prod
[TraceId: ] 2024-01-07 17:48:31.771 [main] INFO  o.s.boot.web.embedded.tomcat.TomcatWebServer - Tomcat initialized with port(s): 8080 (http)
[TraceId: ] 2024-01-07 17:48:31.782 [main] INFO  org.apache.catalina.core.StandardService - Starting service [Tomcat]
[TraceId: ] 2024-01-07 17:48:31.782 [main] INFO  org.apache.catalina.core.StandardEngine - Starting Servlet engine: [Apache Tomcat/9.0.56]
[TraceId: ] 2024-01-07 17:48:31.883 [main] INFO  o.a.c.core.ContainerBase.[Tomcat].[localhost].[/] - Initializing Spring embedded WebApplicationContext
[TraceId: ] 2024-01-07 17:48:31.883 [main] INFO  o.s.b.w.s.c.ServletWebServerApplicationContext - Root WebApplicationContext: initialization completed in 1066 ms
[TraceId: ] 2024-01-07 17:48:32.389 [main] INFO  o.s.boot.web.embedded.tomcat.TomcatWebServer - Tomcat started on port(s): 8080 (http) with context path ''
[TraceId: ] 2024-01-07 17:48:32.402 [main] INFO  com.wefoundi.weblog.web.WeblogWebApplication - Started WeblogWebApplication in 2.338 seconds (JVM running for 3.057)
[TraceId: ] 2024-01-07 17:53:39.207 [main] INFO  com.wefoundi.weblog.web.WeblogWebApplication - Starting WeblogWebApplication using Java 1.8.0_392 on EricdeMBP with PID 39172 (/Users/eric/workspace/backend/weblog/weblog-springboot/weblog-web/target/classes started by eric in /Users/eric/workspace/backend/weblog/weblog-springboot)
[TraceId: ] 2024-01-07 17:53:39.213 [main] INFO  com.wefoundi.weblog.web.WeblogWebApplication - The following profiles are active: prod
[TraceId: ] 2024-01-07 17:53:40.582 [main] INFO  o.s.boot.web.embedded.tomcat.TomcatWebServer - Tomcat initialized with port(s): 8080 (http)
[TraceId: ] 2024-01-07 17:53:40.592 [main] INFO  org.apache.catalina.core.StandardService - Starting service [Tomcat]
[TraceId: ] 2024-01-07 17:53:40.593 [main] INFO  org.apache.catalina.core.StandardEngine - Starting Servlet engine: [Apache Tomcat/9.0.56]
[TraceId: ] 2024-01-07 17:53:40.707 [main] INFO  o.a.c.core.ContainerBase.[Tomcat].[localhost].[/] - Initializing Spring embedded WebApplicationContext
[TraceId: ] 2024-01-07 17:53:40.707 [main] INFO  o.s.b.w.s.c.ServletWebServerApplicationContext - Root WebApplicationContext: initialization completed in 1385 ms
[TraceId: ] 2024-01-07 17:53:41.372 [main] INFO  o.s.boot.web.embedded.tomcat.TomcatWebServer - Tomcat started on port(s): 8080 (http) with context path ''
[TraceId: ] 2024-01-07 17:53:41.387 [main] INFO  com.wefoundi.weblog.web.WeblogWebApplication - Started WeblogWebApplication in 3.069 seconds (JVM running for 3.928)
[TraceId: ] 2024-01-07 17:53:47.704 [http-nio-8080-exec-1] INFO  o.a.c.core.ContainerBase.[Tomcat].[localhost].[/] - Initializing Spring DispatcherServlet 'dispatcherServlet'
[TraceId: ] 2024-01-07 17:53:47.704 [http-nio-8080-exec-1] INFO  org.springframework.web.servlet.DispatcherServlet - Initializing Servlet 'dispatcherServlet'
[TraceId: ] 2024-01-07 17:53:47.705 [http-nio-8080-exec-1] INFO  org.springframework.web.servlet.DispatcherServlet - Completed initialization in 1 ms
[TraceId: 5d1622a5-4a0b-4732-8d29-7bff856975cf] 2024-01-07 17:53:47.996 [http-nio-8080-exec-1] INFO  c.w.w.weblog.common.aspect.ApiOperationLogAspect - ====== 请求结束: [测试接口], 耗时: 50ms, 出参: {"headers":{},"body":"年龄不能为空,邮箱不能为空","statusCode":"BAD_REQUEST","statusCodeValue":400} ===============
[TraceId: 94ac4f6e-79dd-4937-b960-a8faae7fd4c9] 2024-01-07 17:54:15.259 [http-nio-8080-exec-2] INFO  c.w.w.weblog.common.aspect.ApiOperationLogAspect - ====== 请求结束: [测试接口], 耗时: 1ms, 出参: {"headers":{},"body":"参数没有任何问题","statusCode":"OK","statusCodeValue":200} ===============
[TraceId: 657f3219-9c55-4fc1-bbcd-8dfb7fef151f] 2024-01-07 17:54:47.830 [http-nio-8080-exec-4] INFO  c.w.w.weblog.common.aspect.ApiOperationLogAspect - ====== 请求结束: [测试接口], 耗时: 0ms, 出参: {"headers":{},"body":"用户名不能为空","statusCode":"BAD_REQUEST","statusCodeValue":400} ===============
